{"contracts/eip721/EIP721.sol":{"l":{"43":0,"44":0,"50":0,"51":0,"55":0,"56":0,"57":0,"58":0,"75":0,"93":0,"96":0,"97":0,"98":0,"100":0,"113":0,"116":0,"117":0,"118":0,"120":0,"133":0,"134":0,"144":0,"145":0,"146":0,"154":0,"164":0,"173":0,"174":0,"186":0,"187":0,"196":0,"197":0,"206":0,"214":0,"222":0,"233":0,"236":0,"242":0,"246":0,"250":0,"251":0,"253":0,"254":0,"260":0,"261":0,"264":0,"265":0,"267":0,"272":0,"274":0,"277":0,"279":0,"281":0,"287":0,"288":0,"290":0,"292":0,"294":0,"296":0,"300":0,"301":0,"304":0,"306":0,"308":0,"310":0,"312":0},"path":"/home/daniel/Development/github.com/ConsenSys/artifaqt/contract/contracts/eip721/EIP721.sol","s":{"1":0,"2":0,"3":0,"4":0,"5":0,"6":0,"7":0,"8":0,"9":0,"10":0,"11":0,"12":0,"13":0,"14":0,"15":0,"16":0,"17":0,"18":0,"19":0,"20":0,"21":0,"22":0,"23":0,"24":0,"25":0,"26":0,"27":0,"28":0,"29":0,"30":0,"31":0,"32":0,"33":0,"34":0,"35":0,"36":0,"37":0,"38":0,"39":0,"40":0,"41":0,"42":0,"43":0,"44":0,"45":0,"46":0,"47":0,"48":0,"49":0,"50":0,"51":0,"52":0,"53":0,"54":0,"55":0},"b":{"1":[0,0],"2":[0,0],"3":[0,0],"4":[0,0],"5":[0,0],"6":[0,0],"7":[0,0],"8":[0,0],"9":[0,0],"10":[0,0],"11":[0,0],"12":[0,0],"13":[0,0],"14":[0,0],"15":[0,0],"16":[0,0],"17":[0,0]},"f":{"1":0,"2":0,"3":0,"4":0,"5":0,"6":0,"7":0,"8":0,"9":0,"10":0,"11":0,"12":0,"13":0,"14":0,"15":0,"16":0,"17":0,"18":0,"19":0,"20":0,"21":0,"22":0},"fnMap":{"1":{"name":"tokenExists","line":42,"loc":{"start":{"line":42,"column":4},"end":{"line":42,"column":40}}},"2":{"name":"allowedToOperate","line":49,"loc":{"start":{"line":49,"column":4},"end":{"line":49,"column":45}}},"3":{"name":"allowedToTransfer","line":54,"loc":{"start":{"line":54,"column":4},"end":{"line":54,"column":74}}},"4":{"name":"transferFrom","line":71,"loc":{"start":{"line":71,"column":4},"end":{"line":73,"column":45}}},"5":{"name":"safeTransferFrom","line":90,"loc":{"start":{"line":90,"column":4},"end":{"line":92,"column":45}}},"6":{"name":"safeTransferFrom","line":110,"loc":{"start":{"line":110,"column":4},"end":{"line":112,"column":45}}},"7":{"name":"approve","line":130,"loc":{"start":{"line":130,"column":4},"end":{"line":132,"column":32}}},"8":{"name":"setApprovalForAll","line":143,"loc":{"start":{"line":143,"column":4},"end":{"line":143,"column":72}}},"9":{"name":"totalSupply","line":153,"loc":{"start":{"line":153,"column":4},"end":{"line":153,"column":56}}},"10":{"name":"ownerOf","line":162,"loc":{"start":{"line":162,"column":4},"end":{"line":163,"column":45}}},"11":{"name":"tokenByIndex","line":172,"loc":{"start":{"line":172,"column":4},"end":{"line":172,"column":71}}},"12":{"name":"tokenOfOwnerByIndex","line":184,"loc":{"start":{"line":184,"column":4},"end":{"line":185,"column":54}}},"13":{"name":"balanceOf","line":195,"loc":{"start":{"line":195,"column":4},"end":{"line":195,"column":68}}},"14":{"name":"getApproved","line":204,"loc":{"start":{"line":204,"column":4},"end":{"line":205,"column":45}}},"15":{"name":"isApprovedForAll","line":213,"loc":{"start":{"line":213,"column":4},"end":{"line":213,"column":91}}},"16":{"name":"tokenURI","line":221,"loc":{"start":{"line":221,"column":4},"end":{"line":221,"column":68}}},"17":{"name":"supportsInterface","line":231,"loc":{"start":{"line":231,"column":4},"end":{"line":231,"column":77}}},"18":{"name":"checkIfAllowedToOperate","line":241,"loc":{"start":{"line":241,"column":4},"end":{"line":241,"column":81}}},"19":{"name":"internalApprove","line":245,"loc":{"start":{"line":245,"column":4},"end":{"line":245,"column":88}}},"20":{"name":"settleTransfer","line":258,"loc":{"start":{"line":258,"column":4},"end":{"line":258,"column":80}}},"21":{"name":"addToken","line":270,"loc":{"start":{"line":270,"column":4},"end":{"line":270,"column":59}}},"22":{"name":"removeToken","line":284,"loc":{"start":{"line":284,"column":4},"end":{"line":284,"column":64}}}},"statementMap":{"1":{"start":{"line":43,"column":8},"end":{"line":43,"column":43}},"2":{"start":{"line":50,"column":8},"end":{"line":50,"column":49}},"3":{"start":{"line":55,"column":8},"end":{"line":55,"column":97}},"4":{"start":{"line":56,"column":8},"end":{"line":56,"column":47}},"5":{"start":{"line":57,"column":8},"end":{"line":57,"column":24}},"6":{"start":{"line":75,"column":8},"end":{"line":75,"column":43}},"7":{"start":{"line":93,"column":8},"end":{"line":93,"column":43}},"8":{"start":{"line":98,"column":8},"end":{"line":98,"column":4440}},"9":{"start":{"line":100,"column":12},"end":{"line":100,"column":144}},"10":{"start":{"line":113,"column":8},"end":{"line":113,"column":43}},"11":{"start":{"line":118,"column":8},"end":{"line":118,"column":5382}},"12":{"start":{"line":120,"column":12},"end":{"line":120,"column":142}},"13":{"start":{"line":133,"column":8},"end":{"line":133,"column":45}},"14":{"start":{"line":134,"column":8},"end":{"line":134,"column":50}},"15":{"start":{"line":144,"column":8},"end":{"line":144,"column":39}},"16":{"start":{"line":145,"column":8},"end":{"line":145,"column":51}},"17":{"start":{"line":146,"column":8},"end":{"line":146,"column":61}},"18":{"start":{"line":154,"column":8},"end":{"line":154,"column":31}},"19":{"start":{"line":164,"column":8},"end":{"line":164,"column":37}},"20":{"start":{"line":173,"column":8},"end":{"line":173,"column":41}},"21":{"start":{"line":174,"column":8},"end":{"line":174,"column":32}},"22":{"start":{"line":186,"column":8},"end":{"line":186,"column":51}},"23":{"start":{"line":187,"column":8},"end":{"line":187,"column":42}},"24":{"start":{"line":196,"column":8},"end":{"line":196,"column":27}},"25":{"start":{"line":197,"column":8},"end":{"line":197,"column":41}},"26":{"start":{"line":206,"column":8},"end":{"line":206,"column":45}},"27":{"start":{"line":214,"column":8},"end":{"line":214,"column":43}},"28":{"start":{"line":222,"column":8},"end":{"line":222,"column":34}},"29":{"start":{"line":233,"column":8},"end":{"line":233,"column":10907}},"30":{"start":{"line":236,"column":12},"end":{"line":236,"column":23}},"31":{"start":{"line":237,"column":17},"end":{"line":237,"column":29}},"32":{"start":{"line":242,"column":8},"end":{"line":242,"column":100}},"33":{"start":{"line":246,"column":8},"end":{"line":246,"column":35}},"34":{"start":{"line":250,"column":8},"end":{"line":250,"column":11715}},"35":{"start":{"line":251,"column":12},"end":{"line":251,"column":19}},"36":{"start":{"line":253,"column":12},"end":{"line":253,"column":53}},"37":{"start":{"line":254,"column":12},"end":{"line":254,"column":54}},"38":{"start":{"line":260,"column":8},"end":{"line":260,"column":12114}},"39":{"start":{"line":261,"column":12},"end":{"line":261,"column":46}},"40":{"start":{"line":264,"column":8},"end":{"line":264,"column":35}},"41":{"start":{"line":265,"column":8},"end":{"line":265,"column":30}},"42":{"start":{"line":267,"column":8},"end":{"line":267,"column":43}},"43":{"start":{"line":274,"column":8},"end":{"line":274,"column":52}},"44":{"start":{"line":277,"column":8},"end":{"line":277,"column":35}},"45":{"start":{"line":281,"column":8},"end":{"line":281,"column":61}},"46":{"start":{"line":287,"column":8},"end":{"line":287,"column":50}},"47":{"start":{"line":288,"column":8},"end":{"line":288,"column":49}},"48":{"start":{"line":290,"column":8},"end":{"line":290,"column":59}},"49":{"start":{"line":292,"column":8},"end":{"line":292,"column":62}},"50":{"start":{"line":296,"column":8},"end":{"line":296,"column":28}},"51":{"start":{"line":300,"column":8},"end":{"line":300,"column":54}},"52":{"start":{"line":301,"column":8},"end":{"line":301,"column":54}},"53":{"start":{"line":304,"column":8},"end":{"line":304,"column":73}},"54":{"start":{"line":306,"column":8},"end":{"line":306,"column":71}},"55":{"start":{"line":310,"column":8},"end":{"line":310,"column":37}}},"branchMap":{"1":{"line":43,"type":"if","locations":[{"start":{"line":43,"column":8},"end":{"line":43,"column":8}},{"start":{"line":43,"column":8},"end":{"line":43,"column":8}}]},"2":{"line":50,"type":"if","locations":[{"start":{"line":50,"column":8},"end":{"line":50,"column":8}},{"start":{"line":50,"column":8},"end":{"line":50,"column":8}}]},"3":{"line":55,"type":"if","locations":[{"start":{"line":55,"column":8},"end":{"line":55,"column":8}},{"start":{"line":55,"column":8},"end":{"line":55,"column":8}}]},"4":{"line":56,"type":"if","locations":[{"start":{"line":56,"column":8},"end":{"line":56,"column":8}},{"start":{"line":56,"column":8},"end":{"line":56,"column":8}}]},"5":{"line":57,"type":"if","locations":[{"start":{"line":57,"column":8},"end":{"line":57,"column":8}},{"start":{"line":57,"column":8},"end":{"line":57,"column":8}}]},"6":{"line":98,"type":"if","locations":[{"start":{"line":98,"column":8},"end":{"line":98,"column":8}},{"start":{"line":98,"column":8},"end":{"line":98,"column":8}}]},"7":{"line":100,"type":"if","locations":[{"start":{"line":100,"column":12},"end":{"line":100,"column":12}},{"start":{"line":100,"column":12},"end":{"line":100,"column":12}}]},"8":{"line":118,"type":"if","locations":[{"start":{"line":118,"column":8},"end":{"line":118,"column":8}},{"start":{"line":118,"column":8},"end":{"line":118,"column":8}}]},"9":{"line":120,"type":"if","locations":[{"start":{"line":120,"column":12},"end":{"line":120,"column":12}},{"start":{"line":120,"column":12},"end":{"line":120,"column":12}}]},"10":{"line":144,"type":"if","locations":[{"start":{"line":144,"column":8},"end":{"line":144,"column":8}},{"start":{"line":144,"column":8},"end":{"line":144,"column":8}}]},"11":{"line":173,"type":"if","locations":[{"start":{"line":173,"column":8},"end":{"line":173,"column":8}},{"start":{"line":173,"column":8},"end":{"line":173,"column":8}}]},"12":{"line":186,"type":"if","locations":[{"start":{"line":186,"column":8},"end":{"line":186,"column":8}},{"start":{"line":186,"column":8},"end":{"line":186,"column":8}}]},"13":{"line":196,"type":"if","locations":[{"start":{"line":196,"column":8},"end":{"line":196,"column":8}},{"start":{"line":196,"column":8},"end":{"line":196,"column":8}}]},"14":{"line":233,"type":"if","locations":[{"start":{"line":233,"column":8},"end":{"line":233,"column":8}},{"start":{"line":233,"column":8},"end":{"line":233,"column":8}}]},"15":{"line":246,"type":"if","locations":[{"start":{"line":246,"column":8},"end":{"line":246,"column":8}},{"start":{"line":246,"column":8},"end":{"line":246,"column":8}}]},"16":{"line":250,"type":"if","locations":[{"start":{"line":250,"column":8},"end":{"line":250,"column":8}},{"start":{"line":250,"column":8},"end":{"line":250,"column":8}}]},"17":{"line":260,"type":"if","locations":[{"start":{"line":260,"column":8},"end":{"line":260,"column":8}},{"start":{"line":260,"column":8},"end":{"line":260,"column":8}}]}}},"contracts/eip721/EIP721EnumerableInterface.sol":{"l":{},"path":"/home/daniel/Development/github.com/ConsenSys/artifaqt/contract/contracts/eip721/EIP721EnumerableInterface.sol","s":{},"b":{},"f":{},"fnMap":{},"statementMap":{},"branchMap":{}},"contracts/eip721/EIP721Interface.sol":{"l":{},"path":"/home/daniel/Development/github.com/ConsenSys/artifaqt/contract/contracts/eip721/EIP721Interface.sol","s":{},"b":{},"f":{},"fnMap":{},"statementMap":{},"branchMap":{}},"contracts/eip721/EIP721MetadataInterface.sol":{"l":{},"path":"/home/daniel/Development/github.com/ConsenSys/artifaqt/contract/contracts/eip721/EIP721MetadataInterface.sol","s":{},"b":{},"f":{},"fnMap":{},"statementMap":{},"branchMap":{}},"contracts/eip721/EIP721TokenReceiverInterface.sol":{"l":{},"path":"/home/daniel/Development/github.com/ConsenSys/artifaqt/contract/contracts/eip721/EIP721TokenReceiverInterface.sol","s":{},"b":{},"f":{},"fnMap":{},"statementMap":{},"branchMap":{}},"contracts/eip721/TestEIP721Implementation.sol":{"l":{"16":1,"17":1,"18":1,"22":0,"23":0,"24":0,"25":0,"29":0,"30":0,"31":0,"35":0,"36":0},"path":"/home/daniel/Development/github.com/ConsenSys/artifaqt/contract/contracts/eip721/TestEIP721Implementation.sol","s":{"1":1,"2":1,"3":1,"4":0,"5":0,"6":0,"7":0,"8":0,"9":0,"10":0,"11":0,"12":0},"b":{"1":[0,0],"2":[0,0],"3":[0,0]},"f":{"1":1,"2":0,"3":0,"4":0},"fnMap":{"1":{"name":null,"line":15,"loc":{"start":{"line":15,"column":4},"end":{"line":15,"column":22}}},"2":{"name":"createToken","line":21,"loc":{"start":{"line":21,"column":4},"end":{"line":21,"column":46}}},"3":{"name":"burnToken","line":28,"loc":{"start":{"line":28,"column":4},"end":{"line":28,"column":45}}},"4":{"name":"setTokenURI","line":34,"loc":{"start":{"line":34,"column":4},"end":{"line":34,"column":59}}}},"statementMap":{"1":{"start":{"line":16,"column":8},"end":{"line":16,"column":25}},"2":{"start":{"line":17,"column":8},"end":{"line":17,"column":32}},"3":{"start":{"line":18,"column":8},"end":{"line":18,"column":21}},"4":{"start":{"line":22,"column":8},"end":{"line":22,"column":35}},"5":{"start":{"line":23,"column":8},"end":{"line":23,"column":33}},"6":{"start":{"line":24,"column":8},"end":{"line":24,"column":42}},"7":{"start":{"line":25,"column":8},"end":{"line":25,"column":19}},"8":{"start":{"line":29,"column":8},"end":{"line":29,"column":52}},"9":{"start":{"line":30,"column":8},"end":{"line":30,"column":40}},"10":{"start":{"line":31,"column":8},"end":{"line":31,"column":46}},"11":{"start":{"line":35,"column":8},"end":{"line":35,"column":35}},"12":{"start":{"line":36,"column":8},"end":{"line":36,"column":32}}},"branchMap":{"1":{"line":22,"type":"if","locations":[{"start":{"line":22,"column":8},"end":{"line":22,"column":8}},{"start":{"line":22,"column":8},"end":{"line":22,"column":8}}]},"2":{"line":29,"type":"if","locations":[{"start":{"line":29,"column":8},"end":{"line":29,"column":8}},{"start":{"line":29,"column":8},"end":{"line":29,"column":8}}]},"3":{"line":35,"type":"if","locations":[{"start":{"line":35,"column":8},"end":{"line":35,"column":8}},{"start":{"line":35,"column":8},"end":{"line":35,"column":8}}]}}},"contracts/eip721/TestNonStandardReceiver.sol":{"l":{},"path":"/home/daniel/Development/github.com/ConsenSys/artifaqt/contract/contracts/eip721/TestNonStandardReceiver.sol","s":{},"b":{},"f":{},"fnMap":{},"statementMap":{},"branchMap":{}},"contracts/eip721/TestReceiver.sol":{"l":{"20":0},"path":"/home/daniel/Development/github.com/ConsenSys/artifaqt/contract/contracts/eip721/TestReceiver.sol","s":{"1":0},"b":{},"f":{"1":0},"fnMap":{"1":{"name":"onERC721Received","line":19,"loc":{"start":{"line":19,"column":4},"end":{"line":19,"column":117}}}},"statementMap":{"1":{"start":{"line":20,"column":8},"end":{"line":20,"column":83}}},"branchMap":{}}}